# JRE version: OpenJDK Runtime Environment (8.0_242-b01) (build 1.8.0_242-release-1644-b01)
# Java VM: OpenJDK 64-Bit Server VM (25.242-b01 mixed mode windows-amd64 compressed oops)
Heap:
 PSYoungGen      total 272384K, used 188931K [0x00000000d5580000, 0x00000000ed100000, 0x0000000100000000)
  eden space 249344K, 75% used [0x00000000d5580000,0x00000000e0e00c98,0x00000000e4900000)
  from space 23040K, 0% used [0x00000000eba80000,0x00000000eba80000,0x00000000ed100000)
  to   space 29184K, 0% used [0x00000000e9e00000,0x00000000e9e00000,0x00000000eba80000)
 ParOldGen       total 110592K, used 99038K [0x0000000080000000, 0x0000000086c00000, 0x00000000d5580000)
  object space 110592K, 89% used [0x0000000080000000,0x00000000860b7bc8,0x0000000086c00000)
 Metaspace       used 94311K, capacity 98864K, committed 100648K, reserved 1136640K
  class space    used 12488K, capacity 13325K, committed 13888K, reserved 1048576K
GC Heap History (10 events):
Event: 177.167 GC heap before
{Heap before GC invocations=16 (full 3):
 PSYoungGen      total 292352K, used 292342K [0x00000000d5580000, 0x00000000e9980000, 0x0000000100000000)
  eden space 270336K, 100% used [0x00000000d5580000,0x00000000e5d80000,0x00000000e5d80000)
  from space 22016K, 99% used [0x00000000e7780000,0x00000000e8cfda38,0x00000000e8d00000)
  to   space 26624K, 0% used [0x00000000e5d80000,0x00000000e5d80000,0x00000000e7780000)
 ParOldGen       total 102912K, used 41189K [0x0000000080000000, 0x0000000086480000, 0x00000000d5580000)
  object space 102912K, 40% used [0x0000000080000000,0x0000000082839528,0x0000000086480000)
 Metaspace       used 72875K, capacity 76352K, committed 76440K, reserved 1116160K
  class space    used 9664K, capacity 10339K, committed 10416K, reserved 1048576K
Event: 177.247 GC heap after
Heap after GC invocations=16 (full 3):
 PSYoungGen      total 296960K, used 26606K [0x00000000d5580000, 0x00000000ef400000, 0x0000000100000000)
  eden space 270336K, 0% used [0x00000000d5580000,0x00000000d5580000,0x00000000e5d80000)
  from space 26624K, 99% used [0x00000000e5d80000,0x00000000e777b820,0x00000000e7780000)
  to   space 36352K, 0% used [0x00000000ed080000,0x00000000ed080000,0x00000000ef400000)
 ParOldGen       total 102912K, used 56201K [0x0000000080000000, 0x0000000086480000, 0x00000000d5580000)
  object space 102912K, 54% used [0x0000000080000000,0x00000000836e2658,0x0000000086480000)
 Metaspace       used 72875K, capacity 76352K, committed 76440K, reserved 1116160K
  class space    used 9664K, capacity 10339K, committed 10416K, reserved 1048576K
}
Event: 221.303 GC heap before
{Heap before GC invocations=17 (full 3):
 PSYoungGen      total 296960K, used 296942K [0x00000000d5580000, 0x00000000ef400000, 0x0000000100000000)
  eden space 270336K, 100% used [0x00000000d5580000,0x00000000e5d80000,0x00000000e5d80000)
  from space 26624K, 99% used [0x00000000e5d80000,0x00000000e777b820,0x00000000e7780000)
  to   space 36352K, 0% used [0x00000000ed080000,0x00000000ed080000,0x00000000ef400000)
 ParOldGen       total 102912K, used 56201K [0x0000000080000000, 0x0000000086480000, 0x00000000d5580000)
  object space 102912K, 54% used [0x0000000080000000,0x00000000836e2658,0x0000000086480000)
 Metaspace       used 81038K, capacity 84742K, committed 84888K, reserved 1122304K
  class space    used 10631K, capacity 11324K, committed 11440K, reserved 1048576K
Event: 221.344 GC heap after
Heap after GC invocations=17 (full 3):
 PSYoungGen      total 280576K, used 20896K [0x00000000d5580000, 0x00000000ee500000, 0x0000000100000000)
  eden space 259584K, 0% used [0x00000000d5580000,0x00000000d5580000,0x00000000e5300000)
  from space 20992K, 99% used [0x00000000ed080000,0x00000000ee4e80b0,0x00000000ee500000)
  to   space 36352K, 0% used [0x00000000e9e00000,0x00000000e9e00000,0x00000000ec180000)
 ParOldGen       total 102912K, used 68534K [0x0000000080000000, 0x0000000086480000, 0x00000000d5580000)
  object space 102912K, 66% used [0x0000000080000000,0x00000000842edbb0,0x0000000086480000)
 Metaspace       used 81038K, capacity 84742K, committed 84888K, reserved 1122304K
  class space    used 10631K, capacity 11324K, committed 11440K, reserved 1048576K
}
Event: 260.196 GC heap before
{Heap before GC invocations=18 (full 3):
 PSYoungGen      total 280576K, used 280480K [0x00000000d5580000, 0x00000000ee500000, 0x0000000100000000)
  eden space 259584K, 100% used [0x00000000d5580000,0x00000000e5300000,0x00000000e5300000)
  from space 20992K, 99% used [0x00000000ed080000,0x00000000ee4e80b0,0x00000000ee500000)
  to   space 36352K, 0% used [0x00000000e9e00000,0x00000000e9e00000,0x00000000ec180000)
 ParOldGen       total 102912K, used 68534K [0x0000000080000000, 0x0000000086480000, 0x00000000d5580000)
  object space 102912K, 66% used [0x0000000080000000,0x00000000842edbb0,0x0000000086480000)
 Metaspace       used 85276K, capacity 89190K, committed 89496K, reserved 1126400K
  class space    used 11176K, capacity 11874K, committed 11952K, reserved 1048576K
Event: 260.247 GC heap after
Heap after GC invocations=18 (full 3):
 PSYoungGen      total 278528K, used 29056K [0x00000000d5580000, 0x00000000ed100000, 0x0000000100000000)
  eden space 249344K, 0% used [0x00000000d5580000,0x00000000d5580000,0x00000000e4900000)
  from space 29184K, 99% used [0x00000000e9e00000,0x00000000eba60280,0x00000000eba80000)
  to   space 23040K, 0% used [0x00000000eba80000,0x00000000eba80000,0x00000000ed100000)
 ParOldGen       total 102912K, used 68542K [0x0000000080000000, 0x0000000086480000, 0x00000000d5580000)
  object space 102912K, 66% used [0x0000000080000000,0x00000000842efbb0,0x0000000086480000)
 Metaspace       used 85276K, capacity 89190K, committed 89496K, reserved 1126400K
  class space    used 11176K, capacity 11874K, committed 11952K, reserved 1048576K
}
Event: 263.961 GC heap before
{Heap before GC invocations=19 (full 3):
 PSYoungGen      total 278528K, used 222084K [0x00000000d5580000, 0x00000000ed100000, 0x0000000100000000)
  eden space 249344K, 77% used [0x00000000d5580000,0x00000000e1200f38,0x00000000e4900000)
  from space 29184K, 99% used [0x00000000e9e00000,0x00000000eba60280,0x00000000eba80000)
  to   space 23040K, 0% used [0x00000000eba80000,0x00000000eba80000,0x00000000ed100000)
 ParOldGen       total 102912K, used 68542K [0x0000000080000000, 0x0000000086480000, 0x00000000d5580000)
  object space 102912K, 66% used [0x0000000080000000,0x00000000842efbb0,0x0000000086480000)
 Metaspace       used 93018K, capacity 98444K, committed 98600K, reserved 1134592K
  class space    used 12543K, capacity 13617K, committed 13632K, reserved 1048576K
Event: 264.059 GC heap after
Heap after GC invocations=19 (full 3):
 PSYoungGen      total 272384K, used 23014K [0x00000000d5580000, 0x00000000ed100000, 0x0000000100000000)
  eden space 249344K, 0% used [0x00000000d5580000,0x00000000d5580000,0x00000000e4900000)
  from space 23040K, 99% used [0x00000000eba80000,0x00000000ed0f9a38,0x00000000ed100000)
  to   space 29184K, 0% used [0x00000000e9e00000,0x00000000e9e00000,0x00000000eba80000)
 ParOldGen       total 110592K, used 110088K [0x0000000080000000, 0x0000000086c00000, 0x00000000d5580000)
  object space 110592K, 99% used [0x0000000080000000,0x0000000086b820f8,0x0000000086c00000)
 Metaspace       used 93018K, capacity 98444K, committed 98600K, reserved 1134592K
  class space    used 12543K, capacity 13617K, committed 13632K, reserved 1048576K
}
Event: 264.059 GC heap before
{Heap before GC invocations=20 (full 4):
 PSYoungGen      total 272384K, used 23014K [0x00000000d5580000, 0x00000000ed100000, 0x0000000100000000)
  eden space 249344K, 0% used [0x00000000d5580000,0x00000000d5580000,0x00000000e4900000)
  from space 23040K, 99% used [0x00000000eba80000,0x00000000ed0f9a38,0x00000000ed100000)
  to   space 29184K, 0% used [0x00000000e9e00000,0x00000000e9e00000,0x00000000eba80000)
 ParOldGen       total 110592K, used 110088K [0x0000000080000000, 0x0000000086c00000, 0x00000000d5580000)
  object space 110592K, 99% used [0x0000000080000000,0x0000000086b820f8,0x0000000086c00000)
 Metaspace       used 93018K, capacity 98444K, committed 98600K, reserved 1134592K
  class space    used 12543K, capacity 13617K, committed 13632K, reserved 1048576K
Event: 264.417 GC heap after
Heap after GC invocations=20 (full 4):
 PSYoungGen      total 272384K, used 0K [0x00000000d5580000, 0x00000000ed100000, 0x0000000100000000)
  eden space 249344K, 0% used [0x00000000d5580000,0x00000000d5580000,0x00000000e4900000)
  from space 23040K, 0% used [0x00000000eba80000,0x00000000eba80000,0x00000000ed100000)
  to   space 29184K, 0% used [0x00000000e9e00000,0x00000000e9e00000,0x00000000eba80000)
 ParOldGen       total 110592K, used 99038K [0x0000000080000000, 0x0000000086c00000, 0x00000000d5580000)
  object space 110592K, 89% used [0x0000000080000000,0x00000000860b7bc8,0x0000000086c00000)
 Metaspace       used 91992K, capacity 96110K, committed 98600K, reserved 1134592K
  class space    used 12172K, capacity 12956K, committed 13632K, reserved 1048576K
}

